[21-Oct-2019 09:50:27 UTC] PHP Warning:  PHP Startup: Unable to load dynamic library 'mysqli.so' (tried: /usr/local/lib/php/extensions/no-debug-non-zts-20170718/mysqli.so (/usr/local/lib/php/extensions/no-debug-non-zts-20170718/mysqli.so: cannot open shared object file: No such file or directory), /usr/local/lib/php/extensions/no-debug-non-zts-20170718/mysqli.so.so (/usr/local/lib/php/extensions/no-debug-non-zts-20170718/mysqli.so.so: cannot open shared object file: No such file or directory)) in Unknown on line 0
[21-Oct-2019 09:50:27 UTC] PHP Warning:  PHP Startup: Unable to load dynamic library 'pdo_mysql.so' (tried: /usr/local/lib/php/extensions/no-debug-non-zts-20170718/pdo_mysql.so (/usr/local/lib/php/extensions/no-debug-non-zts-20170718/pdo_mysql.so: cannot open shared object file: No such file or directory), /usr/local/lib/php/extensions/no-debug-non-zts-20170718/pdo_mysql.so.so (/usr/local/lib/php/extensions/no-debug-non-zts-20170718/pdo_mysql.so.so: cannot open shared object file: No such file or directory)) in Unknown on line 0
[21-Oct-2019 09:50:27 UTC] PHP Warning:  PHP Startup: Unable to load dynamic library 'redis.so' (tried: /usr/local/lib/php/extensions/no-debug-non-zts-20170718/redis.so (/usr/local/lib/php/extensions/no-debug-non-zts-20170718/redis.so: cannot open shared object file: No such file or directory), /usr/local/lib/php/extensions/no-debug-non-zts-20170718/redis.so.so (/usr/local/lib/php/extensions/no-debug-non-zts-20170718/redis.so.so: cannot open shared object file: No such file or directory)) in Unknown on line 0
[21-Oct-2019 09:53:44 UTC] PHP Warning:  PHP Startup: Unable to load dynamic library 'mysqli.so' (tried: /usr/local/lib/php/extensions/no-debug-non-zts-20170718/mysqli.so (/usr/local/lib/php/extensions/no-debug-non-zts-20170718/mysqli.so: cannot open shared object file: No such file or directory), /usr/local/lib/php/extensions/no-debug-non-zts-20170718/mysqli.so.so (/usr/local/lib/php/extensions/no-debug-non-zts-20170718/mysqli.so.so: cannot open shared object file: No such file or directory)) in Unknown on line 0
[21-Oct-2019 09:53:44 UTC] PHP Warning:  PHP Startup: Unable to load dynamic library 'pdo_mysql.so' (tried: /usr/local/lib/php/extensions/no-debug-non-zts-20170718/pdo_mysql.so (/usr/local/lib/php/extensions/no-debug-non-zts-20170718/pdo_mysql.so: cannot open shared object file: No such file or directory), /usr/local/lib/php/extensions/no-debug-non-zts-20170718/pdo_mysql.so.so (/usr/local/lib/php/extensions/no-debug-non-zts-20170718/pdo_mysql.so.so: cannot open shared object file: No such file or directory)) in Unknown on line 0
[21-Oct-2019 09:53:44 UTC] PHP Warning:  PHP Startup: Unable to load dynamic library 'redis.so' (tried: /usr/local/lib/php/extensions/no-debug-non-zts-20170718/redis.so (/usr/local/lib/php/extensions/no-debug-non-zts-20170718/redis.so: cannot open shared object file: No such file or directory), /usr/local/lib/php/extensions/no-debug-non-zts-20170718/redis.so.so (/usr/local/lib/php/extensions/no-debug-non-zts-20170718/redis.so.so: cannot open shared object file: No such file or directory)) in Unknown on line 0
[21-Oct-2019 09:54:17 UTC] PHP Warning:  PHP Startup: Unable to load dynamic library 'mysqli.so' (tried: /usr/local/lib/php/extensions/no-debug-non-zts-20170718/mysqli.so (/usr/local/lib/php/extensions/no-debug-non-zts-20170718/mysqli.so: cannot open shared object file: No such file or directory), /usr/local/lib/php/extensions/no-debug-non-zts-20170718/mysqli.so.so (/usr/local/lib/php/extensions/no-debug-non-zts-20170718/mysqli.so.so: cannot open shared object file: No such file or directory)) in Unknown on line 0
[21-Oct-2019 09:54:17 UTC] PHP Warning:  PHP Startup: Unable to load dynamic library 'pdo_mysql.so' (tried: /usr/local/lib/php/extensions/no-debug-non-zts-20170718/pdo_mysql.so (/usr/local/lib/php/extensions/no-debug-non-zts-20170718/pdo_mysql.so: cannot open shared object file: No such file or directory), /usr/local/lib/php/extensions/no-debug-non-zts-20170718/pdo_mysql.so.so (/usr/local/lib/php/extensions/no-debug-non-zts-20170718/pdo_mysql.so.so: cannot open shared object file: No such file or directory)) in Unknown on line 0
[21-Oct-2019 10:07:54 UTC] PHP Fatal error:  Uncaught PDOException: could not find driver in /var/www/html/index.php:6
Stack trace:
#0 /var/www/html/index.php(6): PDO->__construct('mysql:host=host...', 'php', 'php')
#1 {main}
  thrown in /var/www/html/index.php on line 6
[21-Oct-2019 10:07:59 UTC] PHP Warning:  curl_setopt() expects parameter 1 to be resource, string given in /var/www/html/curl.php on line 11
[21-Oct-2019 10:07:59 UTC] PHP Fatal error:  Uncaught PDOException: could not find driver in /var/www/html/index.php:6
Stack trace:
#0 /var/www/html/index.php(6): PDO->__construct('mysql:host=host...', 'php', 'php')
#1 {main}
  thrown in /var/www/html/index.php on line 6
[21-Oct-2019 10:08:26 UTC] PHP Fatal error:  Uncaught PDOException: could not find driver in /var/www/html/index.php:6
Stack trace:
#0 /var/www/html/index.php(6): PDO->__construct('mysql:host=host...', 'php', 'php')
#1 {main}
  thrown in /var/www/html/index.php on line 6
[21-Oct-2019 10:08:41 UTC] PHP Fatal error:  Uncaught PDOException: could not find driver in /var/www/html/index.php:6
Stack trace:
#0 /var/www/html/index.php(6): PDO->__construct('mysql:host=host...', 'php', 'php')
#1 {main}
  thrown in /var/www/html/index.php on line 6
[21-Oct-2019 10:09:04 UTC] PHP Fatal error:  Uncaught PDOException: could not find driver in /var/www/html/index.php:6
Stack trace:
#0 /var/www/html/index.php(6): PDO->__construct('mysql:host=host...', 'php', 'php')
#1 {main}
  thrown in /var/www/html/index.php on line 6
[21-Oct-2019 10:09:09 UTC] PHP Fatal error:  Uncaught PDOException: could not find driver in /var/www/html/index.php:6
Stack trace:
#0 /var/www/html/index.php(6): PDO->__construct('mysql:host=host...', 'php', 'php')
#1 {main}
  thrown in /var/www/html/index.php on line 6
[21-Oct-2019 10:09:48 UTC] PHP Fatal error:  Uncaught PDOException: could not find driver in /var/www/html/index.php:6
Stack trace:
#0 /var/www/html/index.php(6): PDO->__construct('mysql:host=host...', 'php', 'php')
#1 {main}
  thrown in /var/www/html/index.php on line 6
[21-Oct-2019 10:10:00 UTC] PHP Fatal error:  Uncaught PDOException: could not find driver in /var/www/html/index.php:6
Stack trace:
#0 /var/www/html/index.php(6): PDO->__construct('mysql:host=host...', 'php', 'php')
#1 {main}
  thrown in /var/www/html/index.php on line 6
[21-Oct-2019 10:10:01 UTC] PHP Fatal error:  Uncaught PDOException: could not find driver in /var/www/html/index.php:6
Stack trace:
#0 /var/www/html/index.php(6): PDO->__construct('mysql:host=host...', 'php', 'php')
#1 {main}
  thrown in /var/www/html/index.php on line 6
[21-Oct-2019 10:10:05 UTC] PHP Fatal error:  Uncaught PDOException: could not find driver in /var/www/html/index.php:6
Stack trace:
#0 /var/www/html/index.php(6): PDO->__construct('mysql:host=host...', 'php', 'php')
#1 {main}
  thrown in /var/www/html/index.php on line 6
[21-Oct-2019 10:10:31 UTC] PHP Fatal error:  Uncaught PDOException: could not find driver in /var/www/html/index.php:6
Stack trace:
#0 /var/www/html/index.php(6): PDO->__construct('mysql:host=host...', 'php', 'php')
#1 {main}
  thrown in /var/www/html/index.php on line 6
[21-Oct-2019 10:10:43 UTC] PHP Fatal error:  Uncaught PDOException: could not find driver in /var/www/html/index.php:6
Stack trace:
#0 /var/www/html/index.php(6): PDO->__construct('mysql:host=host...', 'php', 'php')
#1 {main}
  thrown in /var/www/html/index.php on line 6
[21-Oct-2019 10:10:48 UTC] PHP Fatal error:  Uncaught PDOException: could not find driver in /var/www/html/index.php:6
Stack trace:
#0 /var/www/html/index.php(6): PDO->__construct('mysql:host=host...', 'php', 'php')
#1 {main}
  thrown in /var/www/html/index.php on line 6
[21-Oct-2019 10:11:15 UTC] PHP Fatal error:  Uncaught PDOException: could not find driver in /var/www/html/index.php:6
Stack trace:
#0 /var/www/html/index.php(6): PDO->__construct('mysql:host=host...', 'php', 'php')
#1 {main}
  thrown in /var/www/html/index.php on line 6
[21-Oct-2019 10:11:41 UTC] PHP Fatal error:  Uncaught PDOException: could not find driver in /var/www/html/index.php:6
Stack trace:
#0 /var/www/html/index.php(6): PDO->__construct('mysql:host=host...', 'php', 'php')
#1 {main}
  thrown in /var/www/html/index.php on line 6
[21-Oct-2019 10:12:54 UTC] PHP Fatal error:  Uncaught PDOException: could not find driver in /var/www/html/index.php:6
Stack trace:
#0 /var/www/html/index.php(6): PDO->__construct('mysql:host=host...', 'php', 'php')
#1 {main}
  thrown in /var/www/html/index.php on line 6
[21-Oct-2019 10:13:01 UTC] PHP Fatal error:  Uncaught PDOException: could not find driver in /var/www/html/index.php:6
Stack trace:
#0 /var/www/html/index.php(6): PDO->__construct('mysql:host=host...', 'php', 'php')
#1 {main}
  thrown in /var/www/html/index.php on line 6
[21-Oct-2019 10:13:02 UTC] PHP Fatal error:  Uncaught PDOException: could not find driver in /var/www/html/index.php:6
Stack trace:
#0 /var/www/html/index.php(6): PDO->__construct('mysql:host=host...', 'php', 'php')
#1 {main}
  thrown in /var/www/html/index.php on line 6
[21-Oct-2019 10:13:02 UTC] PHP Fatal error:  Uncaught PDOException: could not find driver in /var/www/html/index.php:6
Stack trace:
#0 /var/www/html/index.php(6): PDO->__construct('mysql:host=host...', 'php', 'php')
#1 {main}
  thrown in /var/www/html/index.php on line 6
[21-Oct-2019 10:13:02 UTC] PHP Fatal error:  Uncaught PDOException: could not find driver in /var/www/html/index.php:6
Stack trace:
#0 /var/www/html/index.php(6): PDO->__construct('mysql:host=host...', 'php', 'php')
#1 {main}
  thrown in /var/www/html/index.php on line 6
[21-Oct-2019 10:13:21 UTC] PHP Fatal error:  Uncaught PDOException: could not find driver in /var/www/html/index.php:6
Stack trace:
#0 /var/www/html/index.php(6): PDO->__construct('mysql:host=host...', 'php', 'php')
#1 {main}
  thrown in /var/www/html/index.php on line 6
[21-Oct-2019 10:13:25 UTC] PHP Fatal error:  Uncaught PDOException: could not find driver in /var/www/html/index.php:6
Stack trace:
#0 /var/www/html/index.php(6): PDO->__construct('mysql:host=host...', 'php', 'php')
#1 {main}
  thrown in /var/www/html/index.php on line 6
[21-Oct-2019 10:13:25 UTC] PHP Fatal error:  Uncaught PDOException: could not find driver in /var/www/html/index.php:6
Stack trace:
#0 /var/www/html/index.php(6): PDO->__construct('mysql:host=host...', 'php', 'php')
#1 {main}
  thrown in /var/www/html/index.php on line 6
[21-Oct-2019 10:13:25 UTC] PHP Fatal error:  Uncaught PDOException: could not find driver in /var/www/html/index.php:6
Stack trace:
#0 /var/www/html/index.php(6): PDO->__construct('mysql:host=host...', 'php', 'php')
#1 {main}
  thrown in /var/www/html/index.php on line 6
[21-Oct-2019 10:13:25 UTC] PHP Fatal error:  Uncaught PDOException: could not find driver in /var/www/html/index.php:6
Stack trace:
#0 /var/www/html/index.php(6): PDO->__construct('mysql:host=host...', 'php', 'php')
#1 {main}
  thrown in /var/www/html/index.php on line 6
[21-Oct-2019 10:13:25 UTC] PHP Fatal error:  Uncaught PDOException: could not find driver in /var/www/html/index.php:6
Stack trace:
#0 /var/www/html/index.php(6): PDO->__construct('mysql:host=host...', 'php', 'php')
#1 {main}
  thrown in /var/www/html/index.php on line 6
[21-Oct-2019 10:13:26 UTC] PHP Fatal error:  Uncaught PDOException: could not find driver in /var/www/html/index.php:6
Stack trace:
#0 /var/www/html/index.php(6): PDO->__construct('mysql:host=host...', 'php', 'php')
#1 {main}
  thrown in /var/www/html/index.php on line 6
[21-Oct-2019 10:13:35 UTC] PHP Fatal error:  Uncaught PDOException: could not find driver in /var/www/html/index.php:6
Stack trace:
#0 /var/www/html/index.php(6): PDO->__construct('mysql:host=host...', 'php', 'php')
#1 {main}
  thrown in /var/www/html/index.php on line 6
[21-Oct-2019 10:28:45 UTC] PHP Fatal error:  Uncaught PDOException: could not find driver in /var/www/html/index.php:6
Stack trace:
#0 /var/www/html/index.php(6): PDO->__construct('mysql:host=host...', 'php', 'php')
#1 {main}
  thrown in /var/www/html/index.php on line 6
[21-Oct-2019 10:28:46 UTC] PHP Fatal error:  Uncaught PDOException: could not find driver in /var/www/html/index.php:6
Stack trace:
#0 /var/www/html/index.php(6): PDO->__construct('mysql:host=host...', 'php', 'php')
#1 {main}
  thrown in /var/www/html/index.php on line 6
[21-Oct-2019 10:29:30 UTC] PHP Fatal error:  Uncaught PDOException: could not find driver in /var/www/html/index.php:6
Stack trace:
#0 /var/www/html/index.php(6): PDO->__construct('mysql:host=host...', 'php', 'php')
#1 {main}
  thrown in /var/www/html/index.php on line 6
[21-Oct-2019 10:29:30 UTC] PHP Fatal error:  Uncaught PDOException: could not find driver in /var/www/html/index.php:6
Stack trace:
#0 /var/www/html/index.php(6): PDO->__construct('mysql:host=host...', 'php', 'php')
#1 {main}
  thrown in /var/www/html/index.php on line 6
[21-Oct-2019 10:29:31 UTC] PHP Fatal error:  Uncaught PDOException: could not find driver in /var/www/html/index.php:6
Stack trace:
#0 /var/www/html/index.php(6): PDO->__construct('mysql:host=host...', 'php', 'php')
#1 {main}
  thrown in /var/www/html/index.php on line 6
[21-Oct-2019 10:29:31 UTC] PHP Fatal error:  Uncaught PDOException: could not find driver in /var/www/html/index.php:6
Stack trace:
#0 /var/www/html/index.php(6): PDO->__construct('mysql:host=host...', 'php', 'php')
#1 {main}
  thrown in /var/www/html/index.php on line 6
[21-Oct-2019 10:29:31 UTC] PHP Fatal error:  Uncaught PDOException: could not find driver in /var/www/html/index.php:6
Stack trace:
#0 /var/www/html/index.php(6): PDO->__construct('mysql:host=host...', 'php', 'php')
#1 {main}
  thrown in /var/www/html/index.php on line 6
[21-Oct-2019 10:29:31 UTC] PHP Fatal error:  Uncaught PDOException: could not find driver in /var/www/html/index.php:6
Stack trace:
#0 /var/www/html/index.php(6): PDO->__construct('mysql:host=host...', 'php', 'php')
#1 {main}
  thrown in /var/www/html/index.php on line 6
[21-Oct-2019 10:29:31 UTC] PHP Fatal error:  Uncaught PDOException: could not find driver in /var/www/html/index.php:6
Stack trace:
#0 /var/www/html/index.php(6): PDO->__construct('mysql:host=host...', 'php', 'php')
#1 {main}
  thrown in /var/www/html/index.php on line 6
[21-Oct-2019 10:29:33 UTC] PHP Fatal error:  Uncaught PDOException: could not find driver in /var/www/html/index.php:6
Stack trace:
#0 /var/www/html/index.php(6): PDO->__construct('mysql:host=host...', 'php', 'php')
#1 {main}
  thrown in /var/www/html/index.php on line 6
[21-Oct-2019 10:29:35 UTC] PHP Fatal error:  Uncaught PDOException: could not find driver in /var/www/html/index.php:6
Stack trace:
#0 /var/www/html/index.php(6): PDO->__construct('mysql:host=host...', 'php', 'php')
#1 {main}
  thrown in /var/www/html/index.php on line 6
[21-Oct-2019 10:29:48 UTC] PHP Fatal error:  Uncaught PDOException: could not find driver in /var/www/html/index.php:6
Stack trace:
#0 /var/www/html/index.php(6): PDO->__construct('mysql:host=host...', 'php', 'php')
#1 {main}
  thrown in /var/www/html/index.php on line 6
[21-Oct-2019 10:50:25 UTC] PHP Fatal error:  Uncaught PDOException: could not find driver in /var/www/html/index.php:6
Stack trace:
#0 /var/www/html/index.php(6): PDO->__construct('mysql:host=host...', 'php', 'php')
#1 {main}
  thrown in /var/www/html/index.php on line 6
[21-Oct-2019 10:50:25 UTC] PHP Fatal error:  Uncaught PDOException: could not find driver in /var/www/html/index.php:6
Stack trace:
#0 /var/www/html/index.php(6): PDO->__construct('mysql:host=host...', 'php', 'php')
#1 {main}
  thrown in /var/www/html/index.php on line 6
[21-Oct-2019 10:50:25 UTC] PHP Fatal error:  Uncaught PDOException: could not find driver in /var/www/html/index.php:6
Stack trace:
#0 /var/www/html/index.php(6): PDO->__construct('mysql:host=host...', 'php', 'php')
#1 {main}
  thrown in /var/www/html/index.php on line 6
[21-Oct-2019 10:50:25 UTC] PHP Fatal error:  Uncaught PDOException: could not find driver in /var/www/html/index.php:6
Stack trace:
#0 /var/www/html/index.php(6): PDO->__construct('mysql:host=host...', 'php', 'php')
#1 {main}
  thrown in /var/www/html/index.php on line 6
[21-Oct-2019 10:50:26 UTC] PHP Fatal error:  Uncaught PDOException: could not find driver in /var/www/html/index.php:6
Stack trace:
#0 /var/www/html/index.php(6): PDO->__construct('mysql:host=host...', 'php', 'php')
#1 {main}
  thrown in /var/www/html/index.php on line 6
[21-Oct-2019 10:50:26 UTC] PHP Fatal error:  Uncaught PDOException: could not find driver in /var/www/html/index.php:6
Stack trace:
#0 /var/www/html/index.php(6): PDO->__construct('mysql:host=host...', 'php', 'php')
#1 {main}
  thrown in /var/www/html/index.php on line 6
[21-Oct-2019 10:50:26 UTC] PHP Fatal error:  Uncaught PDOException: could not find driver in /var/www/html/index.php:6
Stack trace:
#0 /var/www/html/index.php(6): PDO->__construct('mysql:host=host...', 'php', 'php')
#1 {main}
  thrown in /var/www/html/index.php on line 6
[21-Oct-2019 10:50:28 UTC] PHP Fatal error:  Uncaught PDOException: could not find driver in /var/www/html/index.php:6
Stack trace:
#0 /var/www/html/index.php(6): PDO->__construct('mysql:host=host...', 'php', 'php')
#1 {main}
  thrown in /var/www/html/index.php on line 6
[21-Oct-2019 10:50:28 UTC] PHP Fatal error:  Uncaught PDOException: could not find driver in /var/www/html/index.php:6
Stack trace:
#0 /var/www/html/index.php(6): PDO->__construct('mysql:host=host...', 'php', 'php')
#1 {main}
  thrown in /var/www/html/index.php on line 6
[21-Oct-2019 10:52:45 UTC] PHP Warning:  PHP Startup: Unable to load dynamic library 'mysqli.so' (tried: /usr/local/lib/php/extensions/no-debug-non-zts-20170718/mysqli.so (/usr/local/lib/php/extensions/no-debug-non-zts-20170718/mysqli.so: cannot open shared object file: No such file or directory), /usr/local/lib/php/extensions/no-debug-non-zts-20170718/mysqli.so.so (/usr/local/lib/php/extensions/no-debug-non-zts-20170718/mysqli.so.so: cannot open shared object file: No such file or directory)) in Unknown on line 0
[21-Oct-2019 10:52:45 UTC] PHP Warning:  PHP Startup: Unable to load dynamic library 'pdo_mysql.so' (tried: /usr/local/lib/php/extensions/no-debug-non-zts-20170718/pdo_mysql.so (/usr/local/lib/php/extensions/no-debug-non-zts-20170718/pdo_mysql.so: cannot open shared object file: No such file or directory), /usr/local/lib/php/extensions/no-debug-non-zts-20170718/pdo_mysql.so.so (/usr/local/lib/php/extensions/no-debug-non-zts-20170718/pdo_mysql.so.so: cannot open shared object file: No such file or directory)) in Unknown on line 0
[21-Oct-2019 10:57:56 UTC] PHP Warning:  PHP Startup: Unable to load dynamic library 'mysqli.so' (tried: /usr/local/lib/php/extensions/no-debug-non-zts-20170718/mysqli.so (/usr/local/lib/php/extensions/no-debug-non-zts-20170718/mysqli.so: cannot open shared object file: No such file or directory), /usr/local/lib/php/extensions/no-debug-non-zts-20170718/mysqli.so.so (/usr/local/lib/php/extensions/no-debug-non-zts-20170718/mysqli.so.so: cannot open shared object file: No such file or directory)) in Unknown on line 0
[21-Oct-2019 10:57:56 UTC] PHP Warning:  PHP Startup: Unable to load dynamic library 'pdo_mysql.so' (tried: /usr/local/lib/php/extensions/no-debug-non-zts-20170718/pdo_mysql.so (/usr/local/lib/php/extensions/no-debug-non-zts-20170718/pdo_mysql.so: cannot open shared object file: No such file or directory), /usr/local/lib/php/extensions/no-debug-non-zts-20170718/pdo_mysql.so.so (/usr/local/lib/php/extensions/no-debug-non-zts-20170718/pdo_mysql.so.so: cannot open shared object file: No such file or directory)) in Unknown on line 0
[21-Oct-2019 11:00:32 UTC] PHP Warning:  PHP Startup: Unable to load dynamic library 'mysqli.so' (tried: /usr/local/lib/php/extensions/no-debug-non-zts-20170718/mysqli.so (/usr/local/lib/php/extensions/no-debug-non-zts-20170718/mysqli.so: cannot open shared object file: No such file or directory), /usr/local/lib/php/extensions/no-debug-non-zts-20170718/mysqli.so.so (/usr/local/lib/php/extensions/no-debug-non-zts-20170718/mysqli.so.so: cannot open shared object file: No such file or directory)) in Unknown on line 0
[21-Oct-2019 11:00:32 UTC] PHP Warning:  PHP Startup: Unable to load dynamic library 'pdo_mysql.so' (tried: /usr/local/lib/php/extensions/no-debug-non-zts-20170718/pdo_mysql.so (/usr/local/lib/php/extensions/no-debug-non-zts-20170718/pdo_mysql.so: cannot open shared object file: No such file or directory), /usr/local/lib/php/extensions/no-debug-non-zts-20170718/pdo_mysql.so.so (/usr/local/lib/php/extensions/no-debug-non-zts-20170718/pdo_mysql.so.so: cannot open shared object file: No such file or directory)) in Unknown on line 0
[21-Oct-2019 11:19:26 UTC] PHP Warning:  PHP Startup: Unable to load dynamic library 'mysqli.so' (tried: /usr/local/lib/php/extensions/no-debug-non-zts-20170718/mysqli.so (/usr/local/lib/php/extensions/no-debug-non-zts-20170718/mysqli.so: cannot open shared object file: No such file or directory), /usr/local/lib/php/extensions/no-debug-non-zts-20170718/mysqli.so.so (/usr/local/lib/php/extensions/no-debug-non-zts-20170718/mysqli.so.so: cannot open shared object file: No such file or directory)) in Unknown on line 0
[21-Oct-2019 11:19:26 UTC] PHP Warning:  PHP Startup: Unable to load dynamic library 'pdo_mysql.so' (tried: /usr/local/lib/php/extensions/no-debug-non-zts-20170718/pdo_mysql.so (/usr/local/lib/php/extensions/no-debug-non-zts-20170718/pdo_mysql.so: cannot open shared object file: No such file or directory), /usr/local/lib/php/extensions/no-debug-non-zts-20170718/pdo_mysql.so.so (/usr/local/lib/php/extensions/no-debug-non-zts-20170718/pdo_mysql.so.so: cannot open shared object file: No such file or directory)) in Unknown on line 0
[21-Oct-2019 11:19:26 UTC] PHP Warning:  PHP Startup: Unable to load dynamic library 'redis.so' (tried: /usr/local/lib/php/extensions/no-debug-non-zts-20170718/redis.so (/usr/local/lib/php/extensions/no-debug-non-zts-20170718/redis.so: cannot open shared object file: No such file or directory), /usr/local/lib/php/extensions/no-debug-non-zts-20170718/redis.so.so (/usr/local/lib/php/extensions/no-debug-non-zts-20170718/redis.so.so: cannot open shared object file: No such file or directory)) in Unknown on line 0
[21-Oct-2019 11:19:45 UTC] PHP Warning:  PHP Startup: Unable to load dynamic library 'mysqli.so' (tried: /usr/local/lib/php/extensions/no-debug-non-zts-20170718/mysqli.so (/usr/local/lib/php/extensions/no-debug-non-zts-20170718/mysqli.so: cannot open shared object file: No such file or directory), /usr/local/lib/php/extensions/no-debug-non-zts-20170718/mysqli.so.so (/usr/local/lib/php/extensions/no-debug-non-zts-20170718/mysqli.so.so: cannot open shared object file: No such file or directory)) in Unknown on line 0
[21-Oct-2019 11:19:45 UTC] PHP Warning:  PHP Startup: Unable to load dynamic library 'pdo_mysql.so' (tried: /usr/local/lib/php/extensions/no-debug-non-zts-20170718/pdo_mysql.so (/usr/local/lib/php/extensions/no-debug-non-zts-20170718/pdo_mysql.so: cannot open shared object file: No such file or directory), /usr/local/lib/php/extensions/no-debug-non-zts-20170718/pdo_mysql.so.so (/usr/local/lib/php/extensions/no-debug-non-zts-20170718/pdo_mysql.so.so: cannot open shared object file: No such file or directory)) in Unknown on line 0
[21-Oct-2019 11:19:45 UTC] PHP Warning:  PHP Startup: Unable to load dynamic library 'redis.so' (tried: /usr/local/lib/php/extensions/no-debug-non-zts-20170718/redis.so (/usr/local/lib/php/extensions/no-debug-non-zts-20170718/redis.so: cannot open shared object file: No such file or directory), /usr/local/lib/php/extensions/no-debug-non-zts-20170718/redis.so.so (/usr/local/lib/php/extensions/no-debug-non-zts-20170718/redis.so.so: cannot open shared object file: No such file or directory)) in Unknown on line 0
[21-Oct-2019 11:23:11 UTC] PHP Fatal error:  Uncaught PDOException: could not find driver in /var/www/html/index.php:6
Stack trace:
#0 /var/www/html/index.php(6): PDO->__construct('mysql:host=host...', 'php', 'php')
#1 {main}
  thrown in /var/www/html/index.php on line 6
[21-Oct-2019 11:41:27 UTC] PHP Fatal error:  Uncaught PDOException: could not find driver in /var/www/html/index.php:6
Stack trace:
#0 /var/www/html/index.php(6): PDO->__construct('mysql:host=host...', 'php', 'php')
#1 {main}
  thrown in /var/www/html/index.php on line 6
[21-Oct-2019 11:48:22 UTC] PHP Warning:  PHP Startup: Unable to load dynamic library 'mysqli.so' (tried: /usr/local/lib/php/extensions/no-debug-non-zts-20170718/mysqli.so (/usr/local/lib/php/extensions/no-debug-non-zts-20170718/mysqli.so: cannot open shared object file: No such file or directory), /usr/local/lib/php/extensions/no-debug-non-zts-20170718/mysqli.so.so (/usr/local/lib/php/extensions/no-debug-non-zts-20170718/mysqli.so.so: cannot open shared object file: No such file or directory)) in Unknown on line 0
[21-Oct-2019 11:48:22 UTC] PHP Warning:  PHP Startup: Unable to load dynamic library 'pdo_mysql.so' (tried: /usr/local/lib/php/extensions/no-debug-non-zts-20170718/pdo_mysql.so (/usr/local/lib/php/extensions/no-debug-non-zts-20170718/pdo_mysql.so: cannot open shared object file: No such file or directory), /usr/local/lib/php/extensions/no-debug-non-zts-20170718/pdo_mysql.so.so (/usr/local/lib/php/extensions/no-debug-non-zts-20170718/pdo_mysql.so.so: cannot open shared object file: No such file or directory)) in Unknown on line 0
[21-Oct-2019 11:48:22 UTC] PHP Warning:  PHP Startup: Unable to load dynamic library 'redis.so' (tried: /usr/local/lib/php/extensions/no-debug-non-zts-20170718/redis.so (/usr/local/lib/php/extensions/no-debug-non-zts-20170718/redis.so: cannot open shared object file: No such file or directory), /usr/local/lib/php/extensions/no-debug-non-zts-20170718/redis.so.so (/usr/local/lib/php/extensions/no-debug-non-zts-20170718/redis.so.so: cannot open shared object file: No such file or directory)) in Unknown on line 0
[21-Oct-2019 11:52:02 UTC] PHP Fatal error:  Uncaught PDOException: could not find driver in /var/www/html/index.php:6
Stack trace:
#0 /var/www/html/index.php(6): PDO->__construct('mysql:host=host...', 'php', 'php')
#1 {main}
  thrown in /var/www/html/index.php on line 6
[22-Oct-2019 02:06:39 UTC] PHP Warning:  PHP Startup: Unable to load dynamic library 'mysqli.so' (tried: /usr/local/lib/php/extensions/no-debug-non-zts-20170718/mysqli.so (/usr/local/lib/php/extensions/no-debug-non-zts-20170718/mysqli.so: cannot open shared object file: No such file or directory), /usr/local/lib/php/extensions/no-debug-non-zts-20170718/mysqli.so.so (/usr/local/lib/php/extensions/no-debug-non-zts-20170718/mysqli.so.so: cannot open shared object file: No such file or directory)) in Unknown on line 0
[22-Oct-2019 02:06:39 UTC] PHP Warning:  PHP Startup: Unable to load dynamic library 'pdo_mysql.so' (tried: /usr/local/lib/php/extensions/no-debug-non-zts-20170718/pdo_mysql.so (/usr/local/lib/php/extensions/no-debug-non-zts-20170718/pdo_mysql.so: cannot open shared object file: No such file or directory), /usr/local/lib/php/extensions/no-debug-non-zts-20170718/pdo_mysql.so.so (/usr/local/lib/php/extensions/no-debug-non-zts-20170718/pdo_mysql.so.so: cannot open shared object file: No such file or directory)) in Unknown on line 0
[22-Oct-2019 02:06:39 UTC] PHP Warning:  PHP Startup: Unable to load dynamic library 'redis.so' (tried: /usr/local/lib/php/extensions/no-debug-non-zts-20170718/redis.so (/usr/local/lib/php/extensions/no-debug-non-zts-20170718/redis.so: cannot open shared object file: No such file or directory), /usr/local/lib/php/extensions/no-debug-non-zts-20170718/redis.so.so (/usr/local/lib/php/extensions/no-debug-non-zts-20170718/redis.so.so: cannot open shared object file: No such file or directory)) in Unknown on line 0
[22-Oct-2019 03:23:27 UTC] PHP Fatal error:  Uncaught PDOException: could not find driver in /var/www/html/index.php:6
Stack trace:
#0 /var/www/html/index.php(6): PDO->__construct('mysql:host=host...', 'php', 'php')
#1 {main}
  thrown in /var/www/html/index.php on line 6
[22-Oct-2019 03:23:27 UTC] PHP Fatal error:  Uncaught PDOException: could not find driver in /var/www/html/index.php:6
Stack trace:
#0 /var/www/html/index.php(6): PDO->__construct('mysql:host=host...', 'php', 'php')
#1 {main}
  thrown in /var/www/html/index.php on line 6
[22-Oct-2019 05:27:47 UTC] PHP Warning:  PHP Startup: Unable to load dynamic library 'mysqli.so' (tried: /usr/local/lib/php/extensions/no-debug-non-zts-20170718/mysqli.so (/usr/local/lib/php/extensions/no-debug-non-zts-20170718/mysqli.so: cannot open shared object file: No such file or directory), /usr/local/lib/php/extensions/no-debug-non-zts-20170718/mysqli.so.so (/usr/local/lib/php/extensions/no-debug-non-zts-20170718/mysqli.so.so: cannot open shared object file: No such file or directory)) in Unknown on line 0
[22-Oct-2019 05:27:47 UTC] PHP Warning:  PHP Startup: Unable to load dynamic library 'pdo_mysql.so' (tried: /usr/local/lib/php/extensions/no-debug-non-zts-20170718/pdo_mysql.so (/usr/local/lib/php/extensions/no-debug-non-zts-20170718/pdo_mysql.so: cannot open shared object file: No such file or directory), /usr/local/lib/php/extensions/no-debug-non-zts-20170718/pdo_mysql.so.so (/usr/local/lib/php/extensions/no-debug-non-zts-20170718/pdo_mysql.so.so: cannot open shared object file: No such file or directory)) in Unknown on line 0
[22-Oct-2019 05:27:47 UTC] PHP Warning:  PHP Startup: Unable to load dynamic library 'redis.so' (tried: /usr/local/lib/php/extensions/no-debug-non-zts-20170718/redis.so (/usr/local/lib/php/extensions/no-debug-non-zts-20170718/redis.so: cannot open shared object file: No such file or directory), /usr/local/lib/php/extensions/no-debug-non-zts-20170718/redis.so.so (/usr/local/lib/php/extensions/no-debug-non-zts-20170718/redis.so.so: cannot open shared object file: No such file or directory)) in Unknown on line 0
[22-Oct-2019 05:30:26 UTC] PHP Warning:  PHP Startup: Unable to load dynamic library 'mysqli.so' (tried: /usr/local/lib/php/extensions/no-debug-non-zts-20170718/mysqli.so (/usr/local/lib/php/extensions/no-debug-non-zts-20170718/mysqli.so: cannot open shared object file: No such file or directory), /usr/local/lib/php/extensions/no-debug-non-zts-20170718/mysqli.so.so (/usr/local/lib/php/extensions/no-debug-non-zts-20170718/mysqli.so.so: cannot open shared object file: No such file or directory)) in Unknown on line 0
[22-Oct-2019 05:30:26 UTC] PHP Warning:  PHP Startup: Unable to load dynamic library 'pdo_mysql.so' (tried: /usr/local/lib/php/extensions/no-debug-non-zts-20170718/pdo_mysql.so (/usr/local/lib/php/extensions/no-debug-non-zts-20170718/pdo_mysql.so: cannot open shared object file: No such file or directory), /usr/local/lib/php/extensions/no-debug-non-zts-20170718/pdo_mysql.so.so (/usr/local/lib/php/extensions/no-debug-non-zts-20170718/pdo_mysql.so.so: cannot open shared object file: No such file or directory)) in Unknown on line 0
[22-Oct-2019 05:30:26 UTC] PHP Warning:  PHP Startup: Unable to load dynamic library 'redis.so' (tried: /usr/local/lib/php/extensions/no-debug-non-zts-20170718/redis.so (/usr/local/lib/php/extensions/no-debug-non-zts-20170718/redis.so: cannot open shared object file: No such file or directory), /usr/local/lib/php/extensions/no-debug-non-zts-20170718/redis.so.so (/usr/local/lib/php/extensions/no-debug-non-zts-20170718/redis.so.so: cannot open shared object file: No such file or directory)) in Unknown on line 0
[22-Oct-2019 05:38:37 UTC] PHP Fatal error:  Uncaught PDOException: could not find driver in /var/www/html/index.php:6
Stack trace:
#0 /var/www/html/index.php(6): PDO->__construct('mysql:host=host...', 'php', 'php')
#1 {main}
  thrown in /var/www/html/index.php on line 6
[22-Oct-2019 05:38:37 UTC] PHP Fatal error:  Uncaught PDOException: could not find driver in /var/www/html/index.php:6
Stack trace:
#0 /var/www/html/index.php(6): PDO->__construct('mysql:host=host...', 'php', 'php')
#1 {main}
  thrown in /var/www/html/index.php on line 6
[22-Oct-2019 05:38:40 UTC] PHP Fatal error:  Uncaught PDOException: could not find driver in /var/www/html/index.php:6
Stack trace:
#0 /var/www/html/index.php(6): PDO->__construct('mysql:host=host...', 'php', 'php')
#1 {main}
  thrown in /var/www/html/index.php on line 6
[22-Oct-2019 05:38:46 UTC] PHP Fatal error:  Uncaught PDOException: could not find driver in /var/www/html/index.php:6
Stack trace:
#0 /var/www/html/index.php(6): PDO->__construct('mysql:host=host...', 'php', 'php')
#1 {main}
  thrown in /var/www/html/index.php on line 6
[22-Oct-2019 05:38:54 UTC] PHP Fatal error:  Uncaught PDOException: could not find driver in /var/www/html/index.php:6
Stack trace:
#0 /var/www/html/index.php(6): PDO->__construct('mysql:host=host...', 'php', 'php')
#1 {main}
  thrown in /var/www/html/index.php on line 6
[22-Oct-2019 05:42:56 UTC] PHP Warning:  PHP Startup: Unable to load dynamic library 'mysqli.so' (tried: /usr/local/lib/php/extensions/no-debug-non-zts-20170718/mysqli.so (/usr/local/lib/php/extensions/no-debug-non-zts-20170718/mysqli.so: cannot open shared object file: No such file or directory), /usr/local/lib/php/extensions/no-debug-non-zts-20170718/mysqli.so.so (/usr/local/lib/php/extensions/no-debug-non-zts-20170718/mysqli.so.so: cannot open shared object file: No such file or directory)) in Unknown on line 0
[22-Oct-2019 05:42:56 UTC] PHP Warning:  PHP Startup: Unable to load dynamic library 'pdo_mysql.so' (tried: /usr/local/lib/php/extensions/no-debug-non-zts-20170718/pdo_mysql.so (/usr/local/lib/php/extensions/no-debug-non-zts-20170718/pdo_mysql.so: cannot open shared object file: No such file or directory), /usr/local/lib/php/extensions/no-debug-non-zts-20170718/pdo_mysql.so.so (/usr/local/lib/php/extensions/no-debug-non-zts-20170718/pdo_mysql.so.so: cannot open shared object file: No such file or directory)) in Unknown on line 0
[22-Oct-2019 05:42:56 UTC] PHP Warning:  PHP Startup: Unable to load dynamic library 'redis.so' (tried: /usr/local/lib/php/extensions/no-debug-non-zts-20170718/redis.so (/usr/local/lib/php/extensions/no-debug-non-zts-20170718/redis.so: cannot open shared object file: No such file or directory), /usr/local/lib/php/extensions/no-debug-non-zts-20170718/redis.so.so (/usr/local/lib/php/extensions/no-debug-non-zts-20170718/redis.so.so: cannot open shared object file: No such file or directory)) in Unknown on line 0
[22-Oct-2019 05:43:31 UTC] PHP Warning:  PHP Startup: Unable to load dynamic library 'mysqli.so' (tried: /usr/local/lib/php/extensions/no-debug-non-zts-20170718/mysqli.so (/usr/local/lib/php/extensions/no-debug-non-zts-20170718/mysqli.so: cannot open shared object file: No such file or directory), /usr/local/lib/php/extensions/no-debug-non-zts-20170718/mysqli.so.so (/usr/local/lib/php/extensions/no-debug-non-zts-20170718/mysqli.so.so: cannot open shared object file: No such file or directory)) in Unknown on line 0
[22-Oct-2019 05:43:31 UTC] PHP Warning:  PHP Startup: Unable to load dynamic library 'pdo_mysql.so' (tried: /usr/local/lib/php/extensions/no-debug-non-zts-20170718/pdo_mysql.so (/usr/local/lib/php/extensions/no-debug-non-zts-20170718/pdo_mysql.so: cannot open shared object file: No such file or directory), /usr/local/lib/php/extensions/no-debug-non-zts-20170718/pdo_mysql.so.so (/usr/local/lib/php/extensions/no-debug-non-zts-20170718/pdo_mysql.so.so: cannot open shared object file: No such file or directory)) in Unknown on line 0
[22-Oct-2019 05:43:31 UTC] PHP Warning:  PHP Startup: Unable to load dynamic library 'redis.so' (tried: /usr/local/lib/php/extensions/no-debug-non-zts-20170718/redis.so (/usr/local/lib/php/extensions/no-debug-non-zts-20170718/redis.so: cannot open shared object file: No such file or directory), /usr/local/lib/php/extensions/no-debug-non-zts-20170718/redis.so.so (/usr/local/lib/php/extensions/no-debug-non-zts-20170718/redis.so.so: cannot open shared object file: No such file or directory)) in Unknown on line 0
[22-Oct-2019 05:44:20 UTC] PHP Warning:  PHP Startup: Unable to load dynamic library 'mysqli.so' (tried: /usr/local/lib/php/extensions/no-debug-non-zts-20170718/mysqli.so (/usr/local/lib/php/extensions/no-debug-non-zts-20170718/mysqli.so: cannot open shared object file: No such file or directory), /usr/local/lib/php/extensions/no-debug-non-zts-20170718/mysqli.so.so (/usr/local/lib/php/extensions/no-debug-non-zts-20170718/mysqli.so.so: cannot open shared object file: No such file or directory)) in Unknown on line 0
[22-Oct-2019 05:44:20 UTC] PHP Warning:  PHP Startup: Unable to load dynamic library 'pdo_mysql.so' (tried: /usr/local/lib/php/extensions/no-debug-non-zts-20170718/pdo_mysql.so (/usr/local/lib/php/extensions/no-debug-non-zts-20170718/pdo_mysql.so: cannot open shared object file: No such file or directory), /usr/local/lib/php/extensions/no-debug-non-zts-20170718/pdo_mysql.so.so (/usr/local/lib/php/extensions/no-debug-non-zts-20170718/pdo_mysql.so.so: cannot open shared object file: No such file or directory)) in Unknown on line 0
[22-Oct-2019 05:44:20 UTC] PHP Warning:  PHP Startup: Unable to load dynamic library 'redis.so' (tried: /usr/local/lib/php/extensions/no-debug-non-zts-20170718/redis.so (/usr/local/lib/php/extensions/no-debug-non-zts-20170718/redis.so: cannot open shared object file: No such file or directory), /usr/local/lib/php/extensions/no-debug-non-zts-20170718/redis.so.so (/usr/local/lib/php/extensions/no-debug-non-zts-20170718/redis.so.so: cannot open shared object file: No such file or directory)) in Unknown on line 0
[22-Oct-2019 05:44:38 UTC] PHP Fatal error:  Uncaught PDOException: could not find driver in /var/www/html/index.php:6
Stack trace:
#0 /var/www/html/index.php(6): PDO->__construct('mysql:host=host...', 'php', 'php')
#1 {main}
  thrown in /var/www/html/index.php on line 6
[22-Oct-2019 06:06:24 UTC] PHP Warning:  PHP Startup: Unable to load dynamic library 'mysqli.so' (tried: /usr/local/lib/php/extensions/no-debug-non-zts-20170718/mysqli.so (/usr/local/lib/php/extensions/no-debug-non-zts-20170718/mysqli.so: cannot open shared object file: No such file or directory), /usr/local/lib/php/extensions/no-debug-non-zts-20170718/mysqli.so.so (/usr/local/lib/php/extensions/no-debug-non-zts-20170718/mysqli.so.so: cannot open shared object file: No such file or directory)) in Unknown on line 0
[22-Oct-2019 06:06:24 UTC] PHP Warning:  PHP Startup: Unable to load dynamic library 'pdo_mysql.so' (tried: /usr/local/lib/php/extensions/no-debug-non-zts-20170718/pdo_mysql.so (/usr/local/lib/php/extensions/no-debug-non-zts-20170718/pdo_mysql.so: cannot open shared object file: No such file or directory), /usr/local/lib/php/extensions/no-debug-non-zts-20170718/pdo_mysql.so.so (/usr/local/lib/php/extensions/no-debug-non-zts-20170718/pdo_mysql.so.so: cannot open shared object file: No such file or directory)) in Unknown on line 0
[22-Oct-2019 06:06:24 UTC] PHP Warning:  PHP Startup: Unable to load dynamic library 'redis.so' (tried: /usr/local/lib/php/extensions/no-debug-non-zts-20170718/redis.so (/usr/local/lib/php/extensions/no-debug-non-zts-20170718/redis.so: cannot open shared object file: No such file or directory), /usr/local/lib/php/extensions/no-debug-non-zts-20170718/redis.so.so (/usr/local/lib/php/extensions/no-debug-non-zts-20170718/redis.so.so: cannot open shared object file: No such file or directory)) in Unknown on line 0
[22-Oct-2019 06:06:36 UTC] PHP Warning:  PHP Startup: Unable to load dynamic library 'mysqli.so' (tried: /usr/local/lib/php/extensions/no-debug-non-zts-20170718/mysqli.so (/usr/local/lib/php/extensions/no-debug-non-zts-20170718/mysqli.so: cannot open shared object file: No such file or directory), /usr/local/lib/php/extensions/no-debug-non-zts-20170718/mysqli.so.so (/usr/local/lib/php/extensions/no-debug-non-zts-20170718/mysqli.so.so: cannot open shared object file: No such file or directory)) in Unknown on line 0
[22-Oct-2019 06:06:36 UTC] PHP Warning:  PHP Startup: Unable to load dynamic library 'pdo_mysql.so' (tried: /usr/local/lib/php/extensions/no-debug-non-zts-20170718/pdo_mysql.so (/usr/local/lib/php/extensions/no-debug-non-zts-20170718/pdo_mysql.so: cannot open shared object file: No such file or directory), /usr/local/lib/php/extensions/no-debug-non-zts-20170718/pdo_mysql.so.so (/usr/local/lib/php/extensions/no-debug-non-zts-20170718/pdo_mysql.so.so: cannot open shared object file: No such file or directory)) in Unknown on line 0
[22-Oct-2019 06:06:36 UTC] PHP Warning:  PHP Startup: Unable to load dynamic library 'redis.so' (tried: /usr/local/lib/php/extensions/no-debug-non-zts-20170718/redis.so (/usr/local/lib/php/extensions/no-debug-non-zts-20170718/redis.so: cannot open shared object file: No such file or directory), /usr/local/lib/php/extensions/no-debug-non-zts-20170718/redis.so.so (/usr/local/lib/php/extensions/no-debug-non-zts-20170718/redis.so.so: cannot open shared object file: No such file or directory)) in Unknown on line 0
[22-Oct-2019 06:10:13 UTC] PHP Warning:  PHP Startup: Unable to load dynamic library 'mysqli.so' (tried: /usr/local/lib/php/extensions/no-debug-non-zts-20170718/mysqli.so (/usr/local/lib/php/extensions/no-debug-non-zts-20170718/mysqli.so: cannot open shared object file: No such file or directory), /usr/local/lib/php/extensions/no-debug-non-zts-20170718/mysqli.so.so (/usr/local/lib/php/extensions/no-debug-non-zts-20170718/mysqli.so.so: cannot open shared object file: No such file or directory)) in Unknown on line 0
[22-Oct-2019 06:10:13 UTC] PHP Warning:  PHP Startup: Unable to load dynamic library 'pdo_mysql.so' (tried: /usr/local/lib/php/extensions/no-debug-non-zts-20170718/pdo_mysql.so (/usr/local/lib/php/extensions/no-debug-non-zts-20170718/pdo_mysql.so: cannot open shared object file: No such file or directory), /usr/local/lib/php/extensions/no-debug-non-zts-20170718/pdo_mysql.so.so (/usr/local/lib/php/extensions/no-debug-non-zts-20170718/pdo_mysql.so.so: cannot open shared object file: No such file or directory)) in Unknown on line 0
[22-Oct-2019 06:10:13 UTC] PHP Warning:  PHP Startup: Unable to load dynamic library 'redis.so' (tried: /usr/local/lib/php/extensions/no-debug-non-zts-20170718/redis.so (/usr/local/lib/php/extensions/no-debug-non-zts-20170718/redis.so: cannot open shared object file: No such file or directory), /usr/local/lib/php/extensions/no-debug-non-zts-20170718/redis.so.so (/usr/local/lib/php/extensions/no-debug-non-zts-20170718/redis.so.so: cannot open shared object file: No such file or directory)) in Unknown on line 0
[22-Oct-2019 06:12:44 UTC] PHP Warning:  PHP Startup: Unable to load dynamic library 'redis.so' (tried: /usr/local/lib/php/extensions/no-debug-non-zts-20170718/redis.so (/usr/local/lib/php/extensions/no-debug-non-zts-20170718/redis.so: cannot open shared object file: No such file or directory), /usr/local/lib/php/extensions/no-debug-non-zts-20170718/redis.so.so (/usr/local/lib/php/extensions/no-debug-non-zts-20170718/redis.so.so: cannot open shared object file: No such file or directory)) in Unknown on line 0
[22-Oct-2019 06:13:06 UTC] PHP Warning:  PHP Startup: Unable to load dynamic library 'redis.so' (tried: /usr/local/lib/php/extensions/no-debug-non-zts-20170718/redis.so (/usr/local/lib/php/extensions/no-debug-non-zts-20170718/redis.so: cannot open shared object file: No such file or directory), /usr/local/lib/php/extensions/no-debug-non-zts-20170718/redis.so.so (/usr/local/lib/php/extensions/no-debug-non-zts-20170718/redis.so.so: cannot open shared object file: No such file or directory)) in Unknown on line 0
[22-Oct-2019 06:15:29 UTC] PHP Warning:  PHP Startup: Unable to load dynamic library 'mysqli.so' (tried: /usr/local/lib/php/extensions/no-debug-non-zts-20170718/mysqli.so (/usr/local/lib/php/extensions/no-debug-non-zts-20170718/mysqli.so: cannot open shared object file: No such file or directory), /usr/local/lib/php/extensions/no-debug-non-zts-20170718/mysqli.so.so (/usr/local/lib/php/extensions/no-debug-non-zts-20170718/mysqli.so.so: cannot open shared object file: No such file or directory)) in Unknown on line 0
[22-Oct-2019 06:15:29 UTC] PHP Warning:  PHP Startup: Unable to load dynamic library 'pdo_mysql.so' (tried: /usr/local/lib/php/extensions/no-debug-non-zts-20170718/pdo_mysql.so (/usr/local/lib/php/extensions/no-debug-non-zts-20170718/pdo_mysql.so: cannot open shared object file: No such file or directory), /usr/local/lib/php/extensions/no-debug-non-zts-20170718/pdo_mysql.so.so (/usr/local/lib/php/extensions/no-debug-non-zts-20170718/pdo_mysql.so.so: cannot open shared object file: No such file or directory)) in Unknown on line 0
[22-Oct-2019 06:15:29 UTC] PHP Warning:  PHP Startup: Unable to load dynamic library 'redis.so' (tried: /usr/local/lib/php/extensions/no-debug-non-zts-20170718/redis.so (/usr/local/lib/php/extensions/no-debug-non-zts-20170718/redis.so: cannot open shared object file: No such file or directory), /usr/local/lib/php/extensions/no-debug-non-zts-20170718/redis.so.so (/usr/local/lib/php/extensions/no-debug-non-zts-20170718/redis.so.so: cannot open shared object file: No such file or directory)) in Unknown on line 0
[22-Oct-2019 06:15:36 UTC] PHP Fatal error:  Uncaught PDOException: could not find driver in /var/www/html/index.php:6
Stack trace:
#0 /var/www/html/index.php(6): PDO->__construct('mysql:host=host...', 'php', 'php')
#1 {main}
  thrown in /var/www/html/index.php on line 6
[22-Oct-2019 06:15:43 UTC] PHP Fatal error:  Uncaught PDOException: could not find driver in /var/www/html/index.php:6
Stack trace:
#0 /var/www/html/index.php(6): PDO->__construct('mysql:host=host...', 'php', 'php')
#1 {main}
  thrown in /var/www/html/index.php on line 6
[22-Oct-2019 06:15:43 UTC] PHP Fatal error:  Uncaught PDOException: could not find driver in /var/www/html/index.php:6
Stack trace:
#0 /var/www/html/index.php(6): PDO->__construct('mysql:host=host...', 'php', 'php')
#1 {main}
  thrown in /var/www/html/index.php on line 6
[22-Oct-2019 06:16:10 UTC] PHP Fatal error:  Uncaught PDOException: could not find driver in /var/www/html/index.php:6
Stack trace:
#0 /var/www/html/index.php(6): PDO->__construct('mysql:host=host...', 'php', 'php')
#1 {main}
  thrown in /var/www/html/index.php on line 6
[22-Oct-2019 06:16:10 UTC] PHP Fatal error:  Uncaught PDOException: could not find driver in /var/www/html/index.php:6
Stack trace:
#0 /var/www/html/index.php(6): PDO->__construct('mysql:host=host...', 'php', 'php')
#1 {main}
  thrown in /var/www/html/index.php on line 6
[22-Oct-2019 06:16:11 UTC] PHP Warning:  PHP Startup: Unable to load dynamic library 'redis.so' (tried: /usr/local/lib/php/extensions/no-debug-non-zts-20170718/redis.so (/usr/local/lib/php/extensions/no-debug-non-zts-20170718/redis.so: cannot open shared object file: No such file or directory), /usr/local/lib/php/extensions/no-debug-non-zts-20170718/redis.so.so (/usr/local/lib/php/extensions/no-debug-non-zts-20170718/redis.so.so: cannot open shared object file: No such file or directory)) in Unknown on line 0
[22-Oct-2019 06:16:11 UTC] PHP Fatal error:  Uncaught PDOException: could not find driver in /var/www/html/index.php:6
Stack trace:
#0 /var/www/html/index.php(6): PDO->__construct('mysql:host=host...', 'php', 'php')
#1 {main}
  thrown in /var/www/html/index.php on line 6
[22-Oct-2019 06:16:11 UTC] PHP Fatal error:  Uncaught PDOException: could not find driver in /var/www/html/index.php:6
Stack trace:
#0 /var/www/html/index.php(6): PDO->__construct('mysql:host=host...', 'php', 'php')
#1 {main}
  thrown in /var/www/html/index.php on line 6
[22-Oct-2019 06:16:11 UTC] PHP Fatal error:  Uncaught PDOException: could not find driver in /var/www/html/index.php:6
Stack trace:
#0 /var/www/html/index.php(6): PDO->__construct('mysql:host=host...', 'php', 'php')
#1 {main}
  thrown in /var/www/html/index.php on line 6
[22-Oct-2019 06:16:11 UTC] PHP Fatal error:  Uncaught PDOException: could not find driver in /var/www/html/index.php:6
Stack trace:
#0 /var/www/html/index.php(6): PDO->__construct('mysql:host=host...', 'php', 'php')
#1 {main}
  thrown in /var/www/html/index.php on line 6
[22-Oct-2019 06:16:11 UTC] PHP Fatal error:  Uncaught PDOException: could not find driver in /var/www/html/index.php:6
Stack trace:
#0 /var/www/html/index.php(6): PDO->__construct('mysql:host=host...', 'php', 'php')
#1 {main}
  thrown in /var/www/html/index.php on line 6
[22-Oct-2019 06:16:11 UTC] PHP Fatal error:  Uncaught PDOException: could not find driver in /var/www/html/index.php:6
Stack trace:
#0 /var/www/html/index.php(6): PDO->__construct('mysql:host=host...', 'php', 'php')
#1 {main}
  thrown in /var/www/html/index.php on line 6
[22-Oct-2019 06:16:12 UTC] PHP Fatal error:  Uncaught PDOException: could not find driver in /var/www/html/index.php:6
Stack trace:
#0 /var/www/html/index.php(6): PDO->__construct('mysql:host=host...', 'php', 'php')
#1 {main}
  thrown in /var/www/html/index.php on line 6
[22-Oct-2019 06:16:12 UTC] PHP Fatal error:  Uncaught PDOException: could not find driver in /var/www/html/index.php:6
Stack trace:
#0 /var/www/html/index.php(6): PDO->__construct('mysql:host=host...', 'php', 'php')
#1 {main}
  thrown in /var/www/html/index.php on line 6
[22-Oct-2019 06:16:12 UTC] PHP Fatal error:  Uncaught PDOException: could not find driver in /var/www/html/index.php:6
Stack trace:
#0 /var/www/html/index.php(6): PDO->__construct('mysql:host=host...', 'php', 'php')
#1 {main}
  thrown in /var/www/html/index.php on line 6
[22-Oct-2019 06:16:12 UTC] PHP Fatal error:  Uncaught PDOException: could not find driver in /var/www/html/index.php:6
Stack trace:
#0 /var/www/html/index.php(6): PDO->__construct('mysql:host=host...', 'php', 'php')
#1 {main}
  thrown in /var/www/html/index.php on line 6
[22-Oct-2019 06:16:12 UTC] PHP Fatal error:  Uncaught PDOException: could not find driver in /var/www/html/index.php:6
Stack trace:
#0 /var/www/html/index.php(6): PDO->__construct('mysql:host=host...', 'php', 'php')
#1 {main}
  thrown in /var/www/html/index.php on line 6
[22-Oct-2019 06:16:12 UTC] PHP Fatal error:  Uncaught PDOException: could not find driver in /var/www/html/index.php:6
Stack trace:
#0 /var/www/html/index.php(6): PDO->__construct('mysql:host=host...', 'php', 'php')
#1 {main}
  thrown in /var/www/html/index.php on line 6
[22-Oct-2019 06:16:12 UTC] PHP Fatal error:  Uncaught PDOException: could not find driver in /var/www/html/index.php:6
Stack trace:
#0 /var/www/html/index.php(6): PDO->__construct('mysql:host=host...', 'php', 'php')
#1 {main}
  thrown in /var/www/html/index.php on line 6
[22-Oct-2019 06:16:12 UTC] PHP Fatal error:  Uncaught PDOException: could not find driver in /var/www/html/index.php:6
Stack trace:
#0 /var/www/html/index.php(6): PDO->__construct('mysql:host=host...', 'php', 'php')
#1 {main}
  thrown in /var/www/html/index.php on line 6
[22-Oct-2019 06:16:12 UTC] PHP Fatal error:  Uncaught PDOException: could not find driver in /var/www/html/index.php:6
Stack trace:
#0 /var/www/html/index.php(6): PDO->__construct('mysql:host=host...', 'php', 'php')
#1 {main}
  thrown in /var/www/html/index.php on line 6
[22-Oct-2019 06:16:12 UTC] PHP Fatal error:  Uncaught PDOException: could not find driver in /var/www/html/index.php:6
Stack trace:
#0 /var/www/html/index.php(6): PDO->__construct('mysql:host=host...', 'php', 'php')
#1 {main}
  thrown in /var/www/html/index.php on line 6
[22-Oct-2019 06:16:12 UTC] PHP Fatal error:  Uncaught PDOException: could not find driver in /var/www/html/index.php:6
Stack trace:
#0 /var/www/html/index.php(6): PDO->__construct('mysql:host=host...', 'php', 'php')
#1 {main}
  thrown in /var/www/html/index.php on line 6
[22-Oct-2019 06:16:12 UTC] PHP Fatal error:  Uncaught PDOException: could not find driver in /var/www/html/index.php:6
Stack trace:
#0 /var/www/html/index.php(6): PDO->__construct('mysql:host=host...', 'php', 'php')
#1 {main}
  thrown in /var/www/html/index.php on line 6
[22-Oct-2019 06:16:12 UTC] PHP Fatal error:  Uncaught PDOException: could not find driver in /var/www/html/index.php:6
Stack trace:
#0 /var/www/html/index.php(6): PDO->__construct('mysql:host=host...', 'php', 'php')
#1 {main}
  thrown in /var/www/html/index.php on line 6
[22-Oct-2019 06:16:12 UTC] PHP Fatal error:  Uncaught PDOException: could not find driver in /var/www/html/index.php:6
Stack trace:
#0 /var/www/html/index.php(6): PDO->__construct('mysql:host=host...', 'php', 'php')
#1 {main}
  thrown in /var/www/html/index.php on line 6
[22-Oct-2019 06:16:12 UTC] PHP Fatal error:  Uncaught PDOException: could not find driver in /var/www/html/index.php:6
Stack trace:
#0 /var/www/html/index.php(6): PDO->__construct('mysql:host=host...', 'php', 'php')
#1 {main}
  thrown in /var/www/html/index.php on line 6
[22-Oct-2019 06:16:13 UTC] PHP Fatal error:  Uncaught PDOException: could not find driver in /var/www/html/index.php:6
Stack trace:
#0 /var/www/html/index.php(6): PDO->__construct('mysql:host=host...', 'php', 'php')
#1 {main}
  thrown in /var/www/html/index.php on line 6
[22-Oct-2019 06:16:13 UTC] PHP Fatal error:  Uncaught PDOException: could not find driver in /var/www/html/index.php:6
Stack trace:
#0 /var/www/html/index.php(6): PDO->__construct('mysql:host=host...', 'php', 'php')
#1 {main}
  thrown in /var/www/html/index.php on line 6
[22-Oct-2019 06:16:13 UTC] PHP Fatal error:  Uncaught PDOException: could not find driver in /var/www/html/index.php:6
Stack trace:
#0 /var/www/html/index.php(6): PDO->__construct('mysql:host=host...', 'php', 'php')
#1 {main}
  thrown in /var/www/html/index.php on line 6
[22-Oct-2019 06:16:13 UTC] PHP Fatal error:  Uncaught PDOException: could not find driver in /var/www/html/index.php:6
Stack trace:
#0 /var/www/html/index.php(6): PDO->__construct('mysql:host=host...', 'php', 'php')
#1 {main}
  thrown in /var/www/html/index.php on line 6
[22-Oct-2019 06:16:13 UTC] PHP Fatal error:  Uncaught PDOException: could not find driver in /var/www/html/index.php:6
Stack trace:
#0 /var/www/html/index.php(6): PDO->__construct('mysql:host=host...', 'php', 'php')
#1 {main}
  thrown in /var/www/html/index.php on line 6
[22-Oct-2019 06:16:13 UTC] PHP Fatal error:  Uncaught PDOException: could not find driver in /var/www/html/index.php:6
Stack trace:
#0 /var/www/html/index.php(6): PDO->__construct('mysql:host=host...', 'php', 'php')
#1 {main}
  thrown in /var/www/html/index.php on line 6
[22-Oct-2019 06:16:13 UTC] PHP Fatal error:  Uncaught PDOException: could not find driver in /var/www/html/index.php:6
Stack trace:
#0 /var/www/html/index.php(6): PDO->__construct('mysql:host=host...', 'php', 'php')
#1 {main}
  thrown in /var/www/html/index.php on line 6
[22-Oct-2019 06:16:13 UTC] PHP Fatal error:  Uncaught PDOException: could not find driver in /var/www/html/index.php:6
Stack trace:
#0 /var/www/html/index.php(6): PDO->__construct('mysql:host=host...', 'php', 'php')
#1 {main}
  thrown in /var/www/html/index.php on line 6
[22-Oct-2019 06:16:13 UTC] PHP Fatal error:  Uncaught PDOException: could not find driver in /var/www/html/index.php:6
Stack trace:
#0 /var/www/html/index.php(6): PDO->__construct('mysql:host=host...', 'php', 'php')
#1 {main}
  thrown in /var/www/html/index.php on line 6
[22-Oct-2019 06:16:13 UTC] PHP Fatal error:  Uncaught PDOException: could not find driver in /var/www/html/index.php:6
Stack trace:
#0 /var/www/html/index.php(6): PDO->__construct('mysql:host=host...', 'php', 'php')
#1 {main}
  thrown in /var/www/html/index.php on line 6
[22-Oct-2019 06:16:13 UTC] PHP Fatal error:  Uncaught PDOException: could not find driver in /var/www/html/index.php:6
Stack trace:
#0 /var/www/html/index.php(6): PDO->__construct('mysql:host=host...', 'php', 'php')
#1 {main}
  thrown in /var/www/html/index.php on line 6
[22-Oct-2019 06:16:14 UTC] PHP Fatal error:  Uncaught PDOException: could not find driver in /var/www/html/index.php:6
Stack trace:
#0 /var/www/html/index.php(6): PDO->__construct('mysql:host=host...', 'php', 'php')
#1 {main}
  thrown in /var/www/html/index.php on line 6
[22-Oct-2019 06:16:14 UTC] PHP Fatal error:  Uncaught PDOException: could not find driver in /var/www/html/index.php:6
Stack trace:
#0 /var/www/html/index.php(6): PDO->__construct('mysql:host=host...', 'php', 'php')
#1 {main}
  thrown in /var/www/html/index.php on line 6
[22-Oct-2019 06:16:14 UTC] PHP Fatal error:  Uncaught PDOException: could not find driver in /var/www/html/index.php:6
Stack trace:
#0 /var/www/html/index.php(6): PDO->__construct('mysql:host=host...', 'php', 'php')
#1 {main}
  thrown in /var/www/html/index.php on line 6
[22-Oct-2019 06:16:14 UTC] PHP Fatal error:  Uncaught PDOException: could not find driver in /var/www/html/index.php:6
Stack trace:
#0 /var/www/html/index.php(6): PDO->__construct('mysql:host=host...', 'php', 'php')
#1 {main}
  thrown in /var/www/html/index.php on line 6
[22-Oct-2019 06:16:14 UTC] PHP Fatal error:  Uncaught PDOException: could not find driver in /var/www/html/index.php:6
Stack trace:
#0 /var/www/html/index.php(6): PDO->__construct('mysql:host=host...', 'php', 'php')
#1 {main}
  thrown in /var/www/html/index.php on line 6
[22-Oct-2019 06:16:14 UTC] PHP Fatal error:  Uncaught PDOException: could not find driver in /var/www/html/index.php:6
Stack trace:
#0 /var/www/html/index.php(6): PDO->__construct('mysql:host=host...', 'php', 'php')
#1 {main}
  thrown in /var/www/html/index.php on line 6
[22-Oct-2019 06:16:23 UTC] PHP Fatal error:  Uncaught PDOException: could not find driver in /var/www/html/index.php:6
Stack trace:
#0 /var/www/html/index.php(6): PDO->__construct('mysql:host=host...', 'php', 'php')
#1 {main}
  thrown in /var/www/html/index.php on line 6
[22-Oct-2019 06:21:14 UTC] PHP Fatal error:  Uncaught PDOException: could not find driver in /var/www/html/index.php:6
Stack trace:
#0 /var/www/html/index.php(6): PDO->__construct('mysql:host=host...', 'php', 'php')
#1 {main}
  thrown in /var/www/html/index.php on line 6
[22-Oct-2019 06:21:23 UTC] PHP Fatal error:  Uncaught PDOException: could not find driver in /var/www/html/index.php:6
Stack trace:
#0 /var/www/html/index.php(6): PDO->__construct('mysql:host=host...', 'php', 'php')
#1 {main}
  thrown in /var/www/html/index.php on line 6
[22-Oct-2019 06:21:23 UTC] PHP Fatal error:  Uncaught PDOException: could not find driver in /var/www/html/index.php:6
Stack trace:
#0 /var/www/html/index.php(6): PDO->__construct('mysql:host=host...', 'php', 'php')
#1 {main}
  thrown in /var/www/html/index.php on line 6
